2024-04-22 12:11:33 DEBUG:busco.run_BUSCO	Command line: /Users/cychang/miniconda3/envs/intel_env/envs/busco/bin/busco -i /Users/cychang/Dropbox/lab/local-adaptation/data/genomics/assembly/g2/medaka/consensus.fasta -m genome -l alphaproteobacteria_odb10
2024-04-22 12:11:33 INFO:busco.run_BUSCO	***** Start a BUSCO v5.7.1 analysis, current time: 04/22/2024 12:11:33 *****
2024-04-22 12:11:33 DEBUG:busco.ConfigManager	Getting config file
2024-04-22 12:11:33 INFO:busco.ConfigManager	Configuring BUSCO with local environment
2024-04-22 12:11:33 INFO:busco.BuscoConfig	Running genome mode
2024-04-22 12:11:33 INFO:busco.BuscoDownloadManager	Downloading information on latest versions of BUSCO data...
2024-04-22 12:11:35 DEBUG:busco.BuscoConfig	State of BUSCO config before run:
2024-04-22 12:11:35 DEBUG:busco.BuscoConfig	{'_allow_no_value': False,
 '_comment_prefixes': ('#', ';'),
 '_converters': <configparser.ConverterMapping object at 0x7fed113d6250>,
 '_defaults': OrderedDict(),
 '_delimiters': ('=', ':'),
 '_dict': <class 'collections.OrderedDict'>,
 '_empty_lines_in_values': True,
 '_inline_comment_prefixes': (),
 '_input_filepath': '/Users/cychang/Dropbox/lab/local-adaptation/data/genomics/assembly/g2/medaka/consensus.fasta',
 '_interpolation': <configparser.BasicInterpolation object at 0x7fed10240d50>,
 '_mode': 'genome',
 '_optcre': re.compile('\n        (?P<option>.*?)                    # very permissive!\n        \\s*(?P<vi>=|:)\\s*              # any number of space/tab,\n                                           # followed by any of t, re.VERBOSE),
 '_proxies': OrderedDict([('DEFAULT', <Section: DEFAULT>),
                          ('busco_run', <Section: busco_run>),
                          ('bbtools', <Section: bbtools>),
                          ('makeblastdb', <Section: makeblastdb>),
                          ('metaeuk', <Section: metaeuk>),
                          ('tblastn', <Section: tblastn>),
                          ('augustus', <Section: augustus>),
                          ('etraining', <Section: etraining>),
                          ('hmmsearch', <Section: hmmsearch>),
                          ('sepp', <Section: sepp>),
                          ('optimize_augustus.pl',
                           <Section: optimize_augustus.pl>),
                          ('prodigal', <Section: prodigal>),
                          ('new_species.pl', <Section: new_species.pl>),
                          ('miniprot', <Section: miniprot>),
                          ('gff2gbSmallDNA.pl', <Section: gff2gbSmallDNA.pl>)]),
 '_sections': OrderedDict([('busco_run',
                            OrderedDict([('out_path',
                                          '/Users/cychang/Desktop/lab/local-adaptation/genomics_processing/genomics_cli'),
                                         ('cpu', '1'),
                                         ('force', 'False'),
                                         ('restart', 'False'),
                                         ('quiet', 'False'),
                                         ('download_path',
                                          '/Users/cychang/Desktop/lab/local-adaptation/genomics_processing/genomics_cli/busco_downloads'),
                                         ('datasets_version', 'odb10'),
                                         ('offline', 'False'),
                                         ('download_base_url',
                                          'https://busco-data.ezlab.org/v5/data/'),
                                         ('auto-lineage', 'False'),
                                         ('auto-lineage-prok', 'False'),
                                         ('auto-lineage-euk', 'False'),
                                         ('use_augustus', 'False'),
                                         ('use_miniprot', 'False'),
                                         ('use_metaeuk', 'False'),
                                         ('skip_bbtools', 'False'),
                                         ('batch_mode', 'False'),
                                         ('tar', 'False'),
                                         ('opt-out-run-stats', 'False'),
                                         ('in',
                                          '/Users/cychang/Dropbox/lab/local-adaptation/data/genomics/assembly/g2/medaka/consensus.fasta'),
                                         ('mode', 'genome'),
                                         ('lineage_dataset',
                                          'alphaproteobacteria_odb10'),
                                         ('out', 'BUSCO_consensus.fasta'),
                                         ('main_out',
                                          '/Users/cychang/Desktop/lab/local-adaptation/genomics_processing/genomics_cli/BUSCO_consensus.fasta')])),
                           ('bbtools',
                            OrderedDict([('path', ''), ('command', '')])),
                           ('makeblastdb',
                            OrderedDict([('path', ''), ('command', '')])),
                           ('metaeuk',
                            OrderedDict([('path', ''), ('command', '')])),
                           ('tblastn',
                            OrderedDict([('path', ''), ('command', '')])),
                           ('augustus',
                            OrderedDict([('path', ''), ('command', '')])),
                           ('etraining',
                            OrderedDict([('path', ''), ('command', '')])),
                           ('hmmsearch',
                            OrderedDict([('path', ''), ('command', '')])),
                           ('sepp',
                            OrderedDict([('path', ''), ('command', '')])),
                           ('optimize_augustus.pl',
                            OrderedDict([('path', ''), ('command', '')])),
                           ('prodigal',
                            OrderedDict([('path', ''), ('command', '')])),
                           ('new_species.pl',
                            OrderedDict([('path', ''), ('command', '')])),
                           ('miniprot',
                            OrderedDict([('path', ''), ('command', '')])),
                           ('gff2gbSmallDNA.pl',
                            OrderedDict([('path', ''), ('command', '')]))]),
 '_strict': True,
 'conf_file': 'local environment',
 'default_section': 'DEFAULT',
 'downloader': <busco.BuscoDownloadManager.BuscoDownloadManager object at 0x7fed101787d0>,
 'main_out': '/Users/cychang/Desktop/lab/local-adaptation/genomics_processing/genomics_cli/BUSCO_consensus.fasta',
 'params': {'augustus_parameters': None,
            'augustus_species': None,
            'auto-lineage': False,
            'auto-lineage-euk': False,
            'auto-lineage-prok': False,
            'config_file': None,
            'contig_break': None,
            'cpu': None,
            'datasets_version': None,
            'download': '==SUPPRESS==',
            'download_base_url': None,
            'download_path': None,
            'evalue': None,
            'force': False,
            'help': '==SUPPRESS==',
            'in': '/Users/cychang/Dropbox/lab/local-adaptation/data/genomics/assembly/g2/medaka/consensus.fasta',
            'limit': None,
            'lineage_dataset': 'alphaproteobacteria_odb10',
            'list_datasets': '==SUPPRESS==',
            'long': False,
            'metaeuk_parameters': None,
            'metaeuk_rerun_parameters': None,
            'mode': 'genome',
            'offline': False,
            'opt-out-run-stats': False,
            'out': None,
            'out_path': None,
            'quiet': False,
            'restart': False,
            'scaffold_composition': False,
            'skip_bbtools': False,
            'tar': False,
            'use_augustus': False,
            'use_metaeuk': False,
            'use_miniprot': False,
            'version': '==SUPPRESS=='},
 'run_stats': {'input_file_size': 6789898,
               'lineage_dataset': ['alphaproteobacteria_odb10'],
               'mode': 'genome'}}
2024-04-22 12:11:35 INFO:busco.BuscoRunner	Input file is /Users/cychang/Dropbox/lab/local-adaptation/data/genomics/assembly/g2/medaka/consensus.fasta
2024-04-22 12:11:35 INFO:busco.BuscoDownloadManager	Downloading file 'https://busco-data.ezlab.org/v5/data/lineages/alphaproteobacteria_odb10.2024-01-08.tar.gz'
2024-04-22 12:11:37 DEBUG:busco.BuscoDownloadManager	md5 hash is 22db70ba9f321e8b8f4eed0b2be41b6f
2024-04-22 12:11:37 INFO:busco.BuscoDownloadManager	Decompressing file '/Users/cychang/Desktop/lab/local-adaptation/genomics_processing/genomics_cli/busco_downloads/lineages/alphaproteobacteria_odb10.tar.gz'
2024-04-22 12:11:39 DEBUG:busco.analysis.BuscoAnalysis	Check all required tools are accessible...
2024-04-22 12:11:40 CRITICAL:busco.BuscoRunner	Unhandled exception occurred:
Traceback (most recent call last):
  File "/Users/cychang/miniconda3/envs/intel_env/envs/busco/lib/python3.7/site-packages/busco/BuscoRunner.py", line 165, in run
    self.runner.run_analysis()
  File "/Users/cychang/miniconda3/envs/intel_env/envs/busco/lib/python3.7/site-packages/busco/BuscoRunner.py", line 564, in run_analysis
    self.analysis.run_analysis()
  File "/Users/cychang/miniconda3/envs/intel_env/envs/busco/lib/python3.7/site-packages/busco/analysis/GenomeAnalysis.py", line 113, in run_analysis
    super().run_analysis()
  File "/Users/cychang/miniconda3/envs/intel_env/envs/busco/lib/python3.7/site-packages/busco/analysis/GenomeAnalysis.py", line 54, in run_analysis
    super().run_analysis()
  File "/Users/cychang/miniconda3/envs/intel_env/envs/busco/lib/python3.7/site-packages/busco/BuscoLogger.py", line 58, in wrapped_func
    self.retval = func(*args, **kwargs)
  File "/Users/cychang/miniconda3/envs/intel_env/envs/busco/lib/python3.7/site-packages/busco/analysis/BuscoAnalysis.py", line 101, in run_analysis
    self.init_tools()
  File "/Users/cychang/miniconda3/envs/intel_env/envs/busco/lib/python3.7/site-packages/busco/analysis/GenomeAnalysis.py", line 125, in init_tools
    self.prodigal_runner = ProdigalRunner()
  File "/Users/cychang/miniconda3/envs/intel_env/envs/busco/lib/python3.7/site-packages/busco/busco_tools/prodigal.py", line 40, in __init__
    super().__init__()
  File "/Users/cychang/miniconda3/envs/intel_env/envs/busco/lib/python3.7/site-packages/busco/busco_tools/base.py", line 280, in __init__
    super().__init__()
  File "/Users/cychang/miniconda3/envs/intel_env/envs/busco/lib/python3.7/site-packages/busco/busco_tools/base.py", line 74, in __init__
    self.version = self.get_version()
  File "/Users/cychang/miniconda3/envs/intel_env/envs/busco/lib/python3.7/site-packages/busco/busco_tools/prodigal.py", line 410, in get_version
    [self.cmd, "-v"], stderr=subprocess.STDOUT, shell=False
  File "/Users/cychang/miniconda3/envs/intel_env/envs/busco/lib/python3.7/subprocess.py", line 411, in check_output
    **kwargs).stdout
  File "/Users/cychang/miniconda3/envs/intel_env/envs/busco/lib/python3.7/subprocess.py", line 512, in run
    output=stdout, stderr=stderr)
subprocess.CalledProcessError: Command '['prodigal', '-v']' died with <Signals.SIGKILL: 9>.


2024-04-22 12:11:40 ERROR:busco.BuscoRunner	Command '['prodigal', '-v']' died with <Signals.SIGKILL: 9>.
2024-04-22 12:11:40 DEBUG:busco.BuscoRunner	Command '['prodigal', '-v']' died with <Signals.SIGKILL: 9>.
Traceback (most recent call last):
  File "/Users/cychang/miniconda3/envs/intel_env/envs/busco/lib/python3.7/site-packages/busco/BuscoRunner.py", line 165, in run
    self.runner.run_analysis()
  File "/Users/cychang/miniconda3/envs/intel_env/envs/busco/lib/python3.7/site-packages/busco/BuscoRunner.py", line 564, in run_analysis
    self.analysis.run_analysis()
  File "/Users/cychang/miniconda3/envs/intel_env/envs/busco/lib/python3.7/site-packages/busco/analysis/GenomeAnalysis.py", line 113, in run_analysis
    super().run_analysis()
  File "/Users/cychang/miniconda3/envs/intel_env/envs/busco/lib/python3.7/site-packages/busco/analysis/GenomeAnalysis.py", line 54, in run_analysis
    super().run_analysis()
  File "/Users/cychang/miniconda3/envs/intel_env/envs/busco/lib/python3.7/site-packages/busco/BuscoLogger.py", line 58, in wrapped_func
    self.retval = func(*args, **kwargs)
  File "/Users/cychang/miniconda3/envs/intel_env/envs/busco/lib/python3.7/site-packages/busco/analysis/BuscoAnalysis.py", line 101, in run_analysis
    self.init_tools()
  File "/Users/cychang/miniconda3/envs/intel_env/envs/busco/lib/python3.7/site-packages/busco/analysis/GenomeAnalysis.py", line 125, in init_tools
    self.prodigal_runner = ProdigalRunner()
  File "/Users/cychang/miniconda3/envs/intel_env/envs/busco/lib/python3.7/site-packages/busco/busco_tools/prodigal.py", line 40, in __init__
    super().__init__()
  File "/Users/cychang/miniconda3/envs/intel_env/envs/busco/lib/python3.7/site-packages/busco/busco_tools/base.py", line 280, in __init__
    super().__init__()
  File "/Users/cychang/miniconda3/envs/intel_env/envs/busco/lib/python3.7/site-packages/busco/busco_tools/base.py", line 74, in __init__
    self.version = self.get_version()
  File "/Users/cychang/miniconda3/envs/intel_env/envs/busco/lib/python3.7/site-packages/busco/busco_tools/prodigal.py", line 410, in get_version
    [self.cmd, "-v"], stderr=subprocess.STDOUT, shell=False
  File "/Users/cychang/miniconda3/envs/intel_env/envs/busco/lib/python3.7/subprocess.py", line 411, in check_output
    **kwargs).stdout
  File "/Users/cychang/miniconda3/envs/intel_env/envs/busco/lib/python3.7/subprocess.py", line 512, in run
    output=stdout, stderr=stderr)
subprocess.CalledProcessError: Command '['prodigal', '-v']' died with <Signals.SIGKILL: 9>.

During handling of the above exception, another exception occurred:

Traceback (most recent call last):
  File "/Users/cychang/miniconda3/envs/intel_env/envs/busco/lib/python3.7/site-packages/busco/run_BUSCO.py", line 74, in run
    runner.run()
  File "/Users/cychang/miniconda3/envs/intel_env/envs/busco/lib/python3.7/site-packages/busco/BuscoLogger.py", line 62, in wrapped_func
    self.retval = func(*args, **kwargs)
  File "/Users/cychang/miniconda3/envs/intel_env/envs/busco/lib/python3.7/site-packages/busco/BuscoRunner.py", line 197, in run
    raise BatchFatalError(str(exc_value))
busco.Exceptions.BatchFatalError: Command '['prodigal', '-v']' died with <Signals.SIGKILL: 9>.
2024-04-22 12:11:40 ERROR:busco.BuscoRunner	BUSCO analysis failed!
2024-04-22 12:11:40 ERROR:busco.BuscoRunner	Check the logs, read the user guide (https://busco.ezlab.org/busco_userguide.html), and check the BUSCO issue board on https://gitlab.com/ezlab/busco/issues

2024-04-22 12:11:40 DEBUG:urllib3.connectionpool	Starting new HTTPS connection (1): busco-data.ezlab.org:443
2024-04-22 12:11:40 DEBUG:urllib3.connectionpool	Starting new HTTPS connection (1): busco-data.ezlab.org:443
2024-04-22 12:11:40 DEBUG:urllib3.connectionpool	https://busco-data.ezlab.org:443 "PUT /upload/rundata202404221211405763998.txt HTTP/1.1" 201 0
2024-04-22 12:11:40 DEBUG:urllib3.connectionpool	https://busco-data.ezlab.org:443 "PUT /upload/rundata202404221211405763998.txt HTTP/1.1" 201 0
2024-04-22 12:11:40 DEBUG:busco.run_BUSCO	File uploaded successfully.
